{"/Users/xavero/Projects/supersolid/src/app.ts": {"path":"/Users/xavero/Projects/supersolid/src/app.ts","statementMap":{"0":{"start":{"line":1,"column":0},"end":{"line":1,"column":67}},"1":{"start":{"line":2,"column":0},"end":{"line":2,"column":30}},"2":{"start":{"line":4,"column":0},"end":{"line":4,"column":26}},"3":{"start":{"line":5,"column":0},"end":{"line":5,"column":37}},"4":{"start":{"line":6,"column":0},"end":{"line":6,"column":24}},"5":{"start":{"line":7,"column":0},"end":{"line":7,"column":30}},"6":{"start":{"line":8,"column":0},"end":{"line":8,"column":49}},"7":{"start":{"line":10,"column":12},"end":{"line":10,"column":21}},"8":{"start":{"line":11,"column":0},"end":{"line":11,"column":27}},"9":{"start":{"line":12,"column":0},"end":{"line":12,"column":51}},"10":{"start":{"line":13,"column":0},"end":{"line":13,"column":16}},"11":{"start":{"line":14,"column":0},"end":{"line":14,"column":16}},"12":{"start":{"line":15,"column":0},"end":{"line":15,"column":22}},"13":{"start":{"line":17,"column":0},"end":{"line":17,"column":19}}},"fnMap":{},"branchMap":{},"s":{"0":4,"1":4,"2":4,"3":4,"4":4,"5":4,"6":4,"7":4,"8":4,"9":4,"10":4,"11":4,"12":4,"13":4},"f":{},"b":{}}
,"/Users/xavero/Projects/supersolid/src/server.ts": {"path":"/Users/xavero/Projects/supersolid/src/server.ts","statementMap":{"0":{"start":{"line":1,"column":0},"end":{"line":1,"column":24}},"1":{"start":{"line":2,"column":0},"end":{"line":2,"column":39}},"2":{"start":{"line":7,"column":2},"end":{"line":9,"column":5}},"3":{"start":{"line":8,"column":4},"end":{"line":8,"column":57}},"4":{"start":{"line":6,"column":0},"end":{"line":6,"column":22}},"5":{"start":{"line":12,"column":13},"end":{"line":14,"column":2}},"6":{"start":{"line":13,"column":2},"end":{"line":13,"column":17}}},"fnMap":{"0":{"name":"startServer","decl":{"start":{"line":6,"column":22},"end":{"line":6,"column":33}},"loc":{"start":{"line":6,"column":33},"end":{"line":10,"column":null}}},"1":{"name":"(anonymous_10)","decl":{"start":{"line":7,"column":36},"end":{"line":7,"column":39}},"loc":{"start":{"line":7,"column":41},"end":{"line":9,"column":3}}},"2":{"name":"(anonymous_11)","decl":{"start":{"line":12,"column":26},"end":{"line":12,"column":34}},"loc":{"start":{"line":12,"column":36},"end":{"line":14,"column":1}}}},"branchMap":{"0":{"loc":{"start":{"line":7,"column":22},"end":{"line":7,"column":26}},"type":"binary-expr","locations":[{"start":{"line":7,"column":22},"end":{"line":7,"column":26}},{"start":{"line":7,"column":30},"end":{"line":7,"column":34}}]}},"s":{"0":1,"1":1,"2":1,"3":0,"4":1,"5":1,"6":1},"f":{"0":1,"1":0,"2":1},"b":{"0":[1,0]}}
,"/Users/xavero/Projects/supersolid/src/config/config.ts": {"path":"/Users/xavero/Projects/supersolid/src/config/config.ts","statementMap":{"0":{"start":{"line":2,"column":0},"end":{"line":2,"column":33}},"1":{"start":{"line":4,"column":0},"end":{"line":6,"column":null}},"2":{"start":{"line":5,"column":2},"end":{"line":5,"column":18}},"3":{"start":{"line":8,"column":15},"end":{"line":8,"column":36}}},"fnMap":{},"branchMap":{"0":{"loc":{"start":{"line":4,"column":0},"end":{"line":6,"column":null}},"type":"if","locations":[{"start":{"line":4,"column":0},"end":{"line":6,"column":null}},{"start":{"line":4,"column":0},"end":{"line":6,"column":null}}]}},"s":{"0":2,"1":2,"2":2,"3":2},"f":{},"b":{"0":[2,0]}}
,"/Users/xavero/Projects/supersolid/src/config/swagger.ts": {"path":"/Users/xavero/Projects/supersolid/src/config/swagger.ts","statementMap":{"0":{"start":{"line":1,"column":0},"end":{"line":1,"column":41}},"1":{"start":{"line":3,"column":16},"end":{"line":15,"column":2}},"2":{"start":{"line":17,"column":20},"end":{"line":17,"column":41}},"3":{"start":{"line":19,"column":0},"end":{"line":19,"column":27}}},"fnMap":{},"branchMap":{},"s":{"0":4,"1":4,"2":4,"3":4},"f":{},"b":{}}
,"/Users/xavero/Projects/supersolid/src/controllers/home.ts": {"path":"/Users/xavero/Projects/supersolid/src/controllers/home.ts","statementMap":{"0":{"start":{"line":4,"column":13},"end":{"line":6,"column":2}},"1":{"start":{"line":5,"column":2},"end":{"line":5,"column":35}}},"fnMap":{"0":{"name":"(anonymous_0)","decl":{"start":{"line":4,"column":21},"end":{"line":4,"column":22}},"loc":{"start":{"line":4,"column":53},"end":{"line":6,"column":1}}}},"branchMap":{},"s":{"0":4,"1":1},"f":{"0":1},"b":{}}
,"/Users/xavero/Projects/supersolid/src/controllers/palindrome.ts": {"path":"/Users/xavero/Projects/supersolid/src/controllers/palindrome.ts","statementMap":{"0":{"start":{"line":3,"column":0},"end":{"line":3,"column":66}},"1":{"start":{"line":5,"column":0},"end":{"line":5,"column":42}},"2":{"start":{"line":7,"column":13},"end":{"line":14,"column":2}},"3":{"start":{"line":11,"column":41},"end":{"line":14,"column":2}},"4":{"start":{"line":12,"column":17},"end":{"line":12,"column":31}},"5":{"start":{"line":13,"column":2},"end":{"line":13,"column":26}},"6":{"start":{"line":16,"column":13},"end":{"line":25,"column":2}},"7":{"start":{"line":20,"column":28},"end":{"line":25,"column":2}},"8":{"start":{"line":21,"column":25},"end":{"line":21,"column":33}},"9":{"start":{"line":22,"column":2},"end":{"line":22,"column":70}},"10":{"start":{"line":22,"column":22},"end":{"line":22,"column":70}},"11":{"start":{"line":23,"column":17},"end":{"line":23,"column":43}},"12":{"start":{"line":24,"column":2},"end":{"line":24,"column":30}}},"fnMap":{"0":{"name":"(anonymous_8)","decl":{"start":{"line":7,"column":25},"end":{"line":7,"column":null}},"loc":{"start":{"line":11,"column":41},"end":{"line":14,"column":2}}},"1":{"name":"(anonymous_9)","decl":{"start":{"line":11,"column":41},"end":{"line":11,"column":null}},"loc":{"start":{"line":11,"column":41},"end":{"line":14,"column":1}}},"2":{"name":"(anonymous_10)","decl":{"start":{"line":16,"column":27},"end":{"line":16,"column":null}},"loc":{"start":{"line":20,"column":28},"end":{"line":25,"column":2}}},"3":{"name":"(anonymous_11)","decl":{"start":{"line":20,"column":28},"end":{"line":20,"column":null}},"loc":{"start":{"line":20,"column":28},"end":{"line":25,"column":1}}}},"branchMap":{"0":{"loc":{"start":{"line":22,"column":2},"end":{"line":22,"column":70}},"type":"if","locations":[{"start":{"line":22,"column":2},"end":{"line":22,"column":70}},{"start":{"line":22,"column":2},"end":{"line":22,"column":70}}]},"1":{"loc":{"start":{"line":22,"column":6},"end":{"line":22,"column":11}},"type":"binary-expr","locations":[{"start":{"line":22,"column":6},"end":{"line":22,"column":11}},{"start":{"line":22,"column":15},"end":{"line":22,"column":20}}]}},"s":{"0":4,"1":4,"2":4,"3":2,"4":2,"5":2,"6":4,"7":3,"8":3,"9":3,"10":1,"11":2,"12":2},"f":{"0":2,"1":2,"2":3,"3":3},"b":{"0":[1,2],"1":[3,2]}}
,"/Users/xavero/Projects/supersolid/src/errors/AppError.ts": {"path":"/Users/xavero/Projects/supersolid/src/errors/AppError.ts","statementMap":{"0":{"start":{"line":7,"column":4},"end":{"line":7,"column":27}},"1":{"start":{"line":8,"column":4},"end":{"line":8,"column":33}},"2":{"start":{"line":12,"column":0},"end":{"line":12,"column":24}}},"fnMap":{"0":{"name":"(anonymous_0)","decl":{"start":{"line":6,"column":2},"end":{"line":6,"column":14}},"loc":{"start":{"line":6,"column":47},"end":{"line":9,"column":3}}}},"branchMap":{"0":{"loc":{"start":{"line":6,"column":44},"end":{"line":6,"column":47}},"type":"default-arg","locations":[{"start":{"line":6,"column":44},"end":{"line":6,"column":47}}]}},"s":{"0":1,"1":1,"2":4},"f":{"0":1},"b":{"0":[0]}}
,"/Users/xavero/Projects/supersolid/src/errors/errorHandler.ts": {"path":"/Users/xavero/Projects/supersolid/src/errors/errorHandler.ts","statementMap":{"0":{"start":{"line":3,"column":0},"end":{"line":3,"column":34}},"1":{"start":{"line":11,"column":2},"end":{"line":15,"column":null}},"2":{"start":{"line":12,"column":4},"end":{"line":14,"column":57}},"3":{"start":{"line":17,"column":2},"end":{"line":19,"column":65}},"4":{"start":{"line":5,"column":0},"end":{"line":5,"column":24}}},"fnMap":{"0":{"name":"errorHandler","decl":{"start":{"line":5,"column":24},"end":{"line":5,"column":36}},"loc":{"start":{"line":9,"column":20},"end":{"line":20,"column":1}}}},"branchMap":{"0":{"loc":{"start":{"line":11,"column":2},"end":{"line":15,"column":null}},"type":"if","locations":[{"start":{"line":11,"column":2},"end":{"line":15,"column":null}},{"start":{"line":11,"column":2},"end":{"line":15,"column":null}}]}},"s":{"0":4,"1":1,"2":1,"3":0,"4":4},"f":{"0":1},"b":{"0":[1,0]}}
,"/Users/xavero/Projects/supersolid/src/routes/home.ts": {"path":"/Users/xavero/Projects/supersolid/src/routes/home.ts","statementMap":{"0":{"start":{"line":1,"column":0},"end":{"line":1,"column":33}},"1":{"start":{"line":2,"column":0},"end":{"line":2,"column":54}},"2":{"start":{"line":4,"column":19},"end":{"line":4,"column":27}},"3":{"start":{"line":5,"column":0},"end":{"line":5,"column":42}},"4":{"start":{"line":7,"column":0},"end":{"line":7,"column":26}}},"fnMap":{},"branchMap":{},"s":{"0":4,"1":4,"2":4,"3":4,"4":4},"f":{},"b":{}}
,"/Users/xavero/Projects/supersolid/src/routes/index.ts": {"path":"/Users/xavero/Projects/supersolid/src/routes/index.ts","statementMap":{"0":{"start":{"line":1,"column":0},"end":{"line":1,"column":33}},"1":{"start":{"line":2,"column":0},"end":{"line":2,"column":43}},"2":{"start":{"line":3,"column":0},"end":{"line":3,"column":44}},"3":{"start":{"line":4,"column":0},"end":{"line":4,"column":50}},"4":{"start":{"line":5,"column":0},"end":{"line":5,"column":32}},"5":{"start":{"line":7,"column":15},"end":{"line":7,"column":23}},"6":{"start":{"line":9,"column":0},"end":{"line":9,"column":28}},"7":{"start":{"line":10,"column":0},"end":{"line":10,"column":71}},"8":{"start":{"line":11,"column":0},"end":{"line":11,"column":36}},"9":{"start":{"line":13,"column":0},"end":{"line":13,"column":22}}},"fnMap":{},"branchMap":{},"s":{"0":4,"1":4,"2":4,"3":4,"4":4,"5":4,"6":4,"7":4,"8":4,"9":4},"f":{},"b":{}}
,"/Users/xavero/Projects/supersolid/src/routes/palindrome.routes.ts": {"path":"/Users/xavero/Projects/supersolid/src/routes/palindrome.routes.ts","statementMap":{"0":{"start":{"line":1,"column":0},"end":{"line":1,"column":33}},"1":{"start":{"line":2,"column":0},"end":{"line":2,"column":67}},"2":{"start":{"line":4,"column":25},"end":{"line":4,"column":33}},"3":{"start":{"line":24,"column":0},"end":{"line":24,"column":46}},"4":{"start":{"line":60,"column":0},"end":{"line":60,"column":51}},"5":{"start":{"line":62,"column":0},"end":{"line":62,"column":32}}},"fnMap":{},"branchMap":{},"s":{"0":4,"1":4,"2":4,"3":4,"4":4,"5":4},"f":{},"b":{}}
,"/Users/xavero/Projects/supersolid/src/services/palindrome.ts": {"path":"/Users/xavero/Projects/supersolid/src/services/palindrome.ts","statementMap":{"0":{"start":{"line":5,"column":35},"end":{"line":5,"column":37}},"1":{"start":{"line":7,"column":13},"end":{"line":9,"column":2}},"2":{"start":{"line":8,"column":2},"end":{"line":8,"column":34}},"3":{"start":{"line":11,"column":13},"end":{"line":15,"column":2}},"4":{"start":{"line":12,"column":2},"end":{"line":12,"column":36}},"5":{"start":{"line":12,"column":23},"end":{"line":12,"column":36}},"6":{"start":{"line":13,"column":18},"end":{"line":13,"column":55}},"7":{"start":{"line":14,"column":2},"end":{"line":14,"column":58}},"8":{"start":{"line":17,"column":13},"end":{"line":17,"column":61}},"9":{"start":{"line":17,"column":54},"end":{"line":17,"column":60}},"10":{"start":{"line":19,"column":13},"end":{"line":20,"column":48}},"11":{"start":{"line":20,"column":2},"end":{"line":20,"column":47}},"12":{"start":{"line":20,"column":27},"end":{"line":20,"column":46}},"13":{"start":{"line":22,"column":13},"end":{"line":24,"column":2}},"14":{"start":{"line":23,"column":2},"end":{"line":23,"column":52}},"15":{"start":{"line":26,"column":13},"end":{"line":29,"column":2}},"16":{"start":{"line":27,"column":2},"end":{"line":27,"column":45}},"17":{"start":{"line":28,"column":2},"end":{"line":28,"column":21}},"18":{"start":{"line":31,"column":13},"end":{"line":34,"column":2}},"19":{"start":{"line":32,"column":2},"end":{"line":32,"column":57}},"20":{"start":{"line":32,"column":26},"end":{"line":32,"column":57}},"21":{"start":{"line":33,"column":2},"end":{"line":33,"column":11}}},"fnMap":{"0":{"name":"(anonymous_0)","decl":{"start":{"line":7,"column":27},"end":{"line":7,"column":30}},"loc":{"start":{"line":7,"column":32},"end":{"line":9,"column":1}}},"1":{"name":"(anonymous_1)","decl":{"start":{"line":11,"column":28},"end":{"line":11,"column":29}},"loc":{"start":{"line":11,"column":45},"end":{"line":15,"column":1}}},"2":{"name":"(anonymous_2)","decl":{"start":{"line":17,"column":28},"end":{"line":17,"column":51}},"loc":{"start":{"line":17,"column":54},"end":{"line":17,"column":60}}},"3":{"name":"(anonymous_3)","decl":{"start":{"line":19,"column":30},"end":{"line":19,"column":31}},"loc":{"start":{"line":20,"column":2},"end":{"line":20,"column":47}}},"4":{"name":"(anonymous_4)","decl":{"start":{"line":20,"column":17},"end":{"line":20,"column":18}},"loc":{"start":{"line":20,"column":27},"end":{"line":20,"column":46}}},"5":{"name":"(anonymous_5)","decl":{"start":{"line":22,"column":28},"end":{"line":22,"column":51}},"loc":{"start":{"line":22,"column":53},"end":{"line":24,"column":1}}},"6":{"name":"(anonymous_6)","decl":{"start":{"line":26,"column":27},"end":{"line":26,"column":28}},"loc":{"start":{"line":26,"column":66},"end":{"line":29,"column":1}}},"7":{"name":"(anonymous_7)","decl":{"start":{"line":31,"column":26},"end":{"line":31,"column":27}},"loc":{"start":{"line":31,"column":66},"end":{"line":34,"column":1}}}},"branchMap":{"0":{"loc":{"start":{"line":12,"column":2},"end":{"line":12,"column":36}},"type":"if","locations":[{"start":{"line":12,"column":2},"end":{"line":12,"column":36}},{"start":{"line":12,"column":2},"end":{"line":12,"column":36}}]},"1":{"loc":{"start":{"line":32,"column":2},"end":{"line":32,"column":57}},"type":"if","locations":[{"start":{"line":32,"column":2},"end":{"line":32,"column":57}},{"start":{"line":32,"column":2},"end":{"line":32,"column":57}}]}},"s":{"0":5,"1":5,"2":10,"3":5,"4":7,"5":1,"6":6,"7":6,"8":5,"9":5,"10":5,"11":4,"12":19,"13":5,"14":3,"15":5,"16":23,"17":23,"18":5,"19":4,"20":3,"21":1},"f":{"0":10,"1":7,"2":5,"3":4,"4":19,"5":3,"6":23,"7":4},"b":{"0":[1,6],"1":[3,1]}}
}
