TN:
SF:src/app.ts
FNF:0
FNH:0
DA:1,4
DA:2,4
DA:4,4
DA:5,4
DA:6,4
DA:7,4
DA:8,4
DA:10,4
DA:11,4
DA:12,4
DA:13,4
DA:14,4
DA:15,4
DA:17,4
LF:14
LH:14
BRF:0
BRH:0
end_of_record
TN:
SF:src/server.ts
FN:6,startServer
FN:7,(anonymous_10)
FN:12,(anonymous_11)
FNF:3
FNH:2
FNDA:1,startServer
FNDA:0,(anonymous_10)
FNDA:1,(anonymous_11)
DA:1,1
DA:2,1
DA:6,1
DA:7,1
DA:8,0
DA:12,1
DA:13,1
DA:16,1
LF:8
LH:7
BRDA:7,0,0,1
BRDA:7,0,1,0
BRF:2
BRH:1
end_of_record
TN:
SF:src/config/config.ts
FNF:0
FNH:0
DA:2,2
DA:4,2
DA:5,2
DA:8,2
LF:4
LH:4
BRDA:4,0,0,2
BRDA:4,0,1,0
BRF:2
BRH:1
end_of_record
TN:
SF:src/config/swagger.ts
FNF:0
FNH:0
DA:1,4
DA:3,4
DA:17,4
DA:19,4
LF:4
LH:4
BRF:0
BRH:0
end_of_record
TN:
SF:src/controllers/home.ts
FN:4,(anonymous_0)
FNF:1
FNH:1
FNDA:1,(anonymous_0)
DA:4,4
DA:5,1
LF:2
LH:2
BRF:0
BRH:0
end_of_record
TN:
SF:src/controllers/palindrome.ts
FN:7,(anonymous_8)
FN:11,(anonymous_9)
FN:16,(anonymous_10)
FN:20,(anonymous_11)
FNF:4
FNH:4
FNDA:2,(anonymous_8)
FNDA:2,(anonymous_9)
FNDA:3,(anonymous_10)
FNDA:3,(anonymous_11)
DA:3,4
DA:5,4
DA:7,4
DA:11,2
DA:12,2
DA:13,2
DA:16,4
DA:20,3
DA:21,3
DA:22,3
DA:23,2
DA:24,2
LF:12
LH:12
BRDA:22,0,0,1
BRDA:22,0,1,2
BRDA:22,1,0,3
BRDA:22,1,1,2
BRF:4
BRH:4
end_of_record
TN:
SF:src/errors/AppError.ts
FN:6,(anonymous_0)
FNF:1
FNH:1
FNDA:1,(anonymous_0)
DA:7,1
DA:8,1
DA:12,4
LF:3
LH:3
BRDA:6,0,0,0
BRF:1
BRH:0
end_of_record
TN:
SF:src/errors/errorHandler.ts
FN:5,errorHandler
FNF:1
FNH:1
FNDA:1,errorHandler
DA:3,4
DA:5,4
DA:11,1
DA:12,1
DA:17,0
LF:5
LH:4
BRDA:11,0,0,1
BRDA:11,0,1,0
BRF:2
BRH:1
end_of_record
TN:
SF:src/routes/home.ts
FNF:0
FNH:0
DA:1,4
DA:2,4
DA:4,4
DA:5,4
DA:7,4
LF:5
LH:5
BRF:0
BRH:0
end_of_record
TN:
SF:src/routes/index.ts
FNF:0
FNH:0
DA:1,4
DA:2,4
DA:3,4
DA:4,4
DA:5,4
DA:7,4
DA:9,4
DA:10,4
DA:11,4
DA:13,4
LF:10
LH:10
BRF:0
BRH:0
end_of_record
TN:
SF:src/routes/palindrome.routes.ts
FNF:0
FNH:0
DA:1,4
DA:2,4
DA:4,4
DA:24,4
DA:60,4
DA:62,4
LF:6
LH:6
BRF:0
BRH:0
end_of_record
TN:
SF:src/services/palindrome.ts
FN:7,(anonymous_0)
FN:11,(anonymous_1)
FN:17,(anonymous_2)
FN:19,(anonymous_3)
FN:20,(anonymous_4)
FN:22,(anonymous_5)
FN:26,(anonymous_6)
FN:31,(anonymous_7)
FNF:8
FNH:8
FNDA:10,(anonymous_0)
FNDA:7,(anonymous_1)
FNDA:5,(anonymous_2)
FNDA:4,(anonymous_3)
FNDA:19,(anonymous_4)
FNDA:3,(anonymous_5)
FNDA:23,(anonymous_6)
FNDA:4,(anonymous_7)
DA:5,5
DA:7,5
DA:8,10
DA:11,5
DA:12,7
DA:13,6
DA:14,6
DA:17,5
DA:19,5
DA:20,19
DA:22,5
DA:23,3
DA:26,5
DA:27,23
DA:28,23
DA:31,5
DA:32,4
DA:33,1
LF:18
LH:18
BRDA:12,0,0,1
BRDA:12,0,1,6
BRDA:32,1,0,3
BRDA:32,1,1,1
BRF:4
BRH:4
end_of_record
